<?xml version="1.0" encoding="UTF-8"?><testsuite failures="0" name="cucumber.runtime.formatter.JUnitFormatter" skipped="0" tests="3" time="0.386795">
<testcase classname="Test Tagged Hooks" name="This is First test" time="0.380368">
<system-out><![CDATA[Given this is the first step................................................passed
When this is the second step................................................passed
Then this is the third step.................................................passed
]]></system-out>
</testcase>
<testcase classname="Test Tagged Hooks" name="This is Second step" time="0.003081">
<system-out><![CDATA[Given this is the first step................................................passed
When this is the second step................................................passed
Then this is the third step.................................................passed
]]></system-out>
</testcase>
<testcase classname="Test Tagged Hooks" name="This is Third step" time="0.003346">
<system-out><![CDATA[Given this is the first step................................................passed
When this is the second step................................................passed
Then this is the third step.................................................passed
]]></system-out>
</testcase>
</testsuite>
